0 info it worked if it ends with ok
1 verbose cli [ 'C:\\Program Files\\nodejs\\node.exe',
1 verbose cli   'C:\\Program Files\\nodejs\\node_modules\\npm\\bin\\npm-cli.js',
1 verbose cli   'run',
1 verbose cli   'scss' ]
2 info using npm@3.10.10
3 info using node@v6.11.2
4 verbose run-script [ 'prescss', 'scss', 'postscss' ]
5 info lifecycle git-test@1.0.0~prescss: git-test@1.0.0
6 silly lifecycle git-test@1.0.0~prescss: no script for prescss, continuing
7 info lifecycle git-test@1.0.0~scss: git-test@1.0.0
8 verbose lifecycle git-test@1.0.0~scss: unsafe-perm in lifecycle true
9 verbose lifecycle git-test@1.0.0~scss: PATH: C:\Program Files\nodejs\node_modules\npm\bin\node-gyp-bin;C:\Users\SKSWAIN\Desktop\ONGOING\FULLSTACK-2\GIT\node_modules\.bin;C:\Program Files (x86)\Common Files\Intel\Shared Files\cpp\bin\Intel64;C:\Program Files (x86)\Cuminas\Document Express DjVu Plug-in\;C:\ProgramData\Oracle\Java\javapath;C:\Program Files (x86)\Intel\iCLS Client\;C:\Program Files\Intel\iCLS Client\;C:\windows\system32;C:\windows;C:\windows\System32\Wbem;C:\windows\System32\WindowsPowerShell\v1.0\;C:\Program Files (x86)\Intel\Intel(R) Management Engine Components\DAL;C:\Program Files\Intel\Intel(R) Management Engine Components\DAL;C:\Program Files (x86)\Intel\Intel(R) Management Engine Components\IPT;C:\Program Files\Intel\Intel(R) Management Engine Components\IPT;C:\Program Files (x86)\NVIDIA Corporation\PhysX\Common;C:\WINDOWS\system32;C:\WINDOWS;C:\WINDOWS\System32\Wbem;C:\WINDOWS\System32\WindowsPowerShell\v1.0\;C:\Program Files\MATLAB\R2017a\bin;C:\Program Files\nodejs\;C:\Program Files\Git\cmd;C:\Program Files\Intel\WiFi\bin\;C:\Program Files\Common Files\Intel\WirelessCommon\;C:\Users\SKSWAIN\AppData\Local\Programs\Python\Python36-32\Scripts\;C:\Users\SKSWAIN\AppData\Local\Programs\Python\Python36-32\;C:\Users\SKSWAIN\AppData\Local\Microsoft\WindowsApps;C:\Users\SKSWAIN\AppData\Roaming\npm;
10 verbose lifecycle git-test@1.0.0~scss: CWD: C:\Users\SKSWAIN\Desktop\ONGOING\FULLSTACK-2\GIT
11 silly lifecycle git-test@1.0.0~scss: Args: [ '/d /s /c', 'node-sass -o css/ css/' ]
12 silly lifecycle git-test@1.0.0~scss: Returned: code: 1  signal: null
13 info lifecycle git-test@1.0.0~scss: Failed to exec scss script
14 verbose stack Error: git-test@1.0.0 scss: `node-sass -o css/ css/`
14 verbose stack Exit status 1
14 verbose stack     at EventEmitter.<anonymous> (C:\Program Files\nodejs\node_modules\npm\lib\utils\lifecycle.js:255:16)
14 verbose stack     at emitTwo (events.js:106:13)
14 verbose stack     at EventEmitter.emit (events.js:191:7)
14 verbose stack     at ChildProcess.<anonymous> (C:\Program Files\nodejs\node_modules\npm\lib\utils\spawn.js:40:14)
14 verbose stack     at emitTwo (events.js:106:13)
14 verbose stack     at ChildProcess.emit (events.js:191:7)
14 verbose stack     at maybeClose (internal/child_process.js:891:16)
14 verbose stack     at Process.ChildProcess._handle.onexit (internal/child_process.js:226:5)
15 verbose pkgid git-test@1.0.0
16 verbose cwd C:\Users\SKSWAIN\Desktop\ONGOING\FULLSTACK-2\GIT\style
17 error Windows_NT 10.0.16299
18 error argv "C:\\Program Files\\nodejs\\node.exe" "C:\\Program Files\\nodejs\\node_modules\\npm\\bin\\npm-cli.js" "run" "scss"
19 error node v6.11.2
20 error npm  v3.10.10
21 error code ELIFECYCLE
22 error git-test@1.0.0 scss: `node-sass -o css/ css/`
22 error Exit status 1
23 error Failed at the git-test@1.0.0 scss script 'node-sass -o css/ css/'.
23 error Make sure you have the latest version of node.js and npm installed.
23 error If you do, this is most likely a problem with the git-test package,
23 error not with npm itself.
23 error Tell the author that this fails on your system:
23 error     node-sass -o css/ css/
23 error You can get information on how to open an issue for this project with:
23 error     npm bugs git-test
23 error Or if that isn't available, you can get their info via:
23 error     npm owner ls git-test
23 error There is likely additional logging output above.
24 verbose exit [ 1, true ]
